CRITICAL - 2023-06-29 04:28:16 --> The framework needs the following extension(s) installed and loaded: intl.
in SYSTEMPATH\CodeIgniter.php on line 226.
 1 SYSTEMPATH\CodeIgniter.php(226): CodeIgniter\Exceptions\FrameworkException::forMissingExtension('intl')
 2 SYSTEMPATH\CodeIgniter.php(190): CodeIgniter\CodeIgniter->resolvePlatformExtensions()
 3 ROOTPATH\spark(83): CodeIgniter\CodeIgniter->initialize()
ERROR - 2023-06-29 15:40:39 --> mysqli_sql_exception: Column 'nama' cannot be null in C:\xampp\htdocs\ci4\system\Database\MySQLi\Connection.php:295
Stack trace:
#0 C:\xampp\htdocs\ci4\system\Database\MySQLi\Connection.php(295): mysqli->query('INSERT INTO `st...', 0)
#1 C:\xampp\htdocs\ci4\system\Database\BaseConnection.php(692): CodeIgniter\Database\MySQLi\Connection->execute('INSERT INTO `st...')
#2 C:\xampp\htdocs\ci4\system\Database\BaseConnection.php(606): CodeIgniter\Database\BaseConnection->simpleQuery('INSERT INTO `st...')
#3 C:\xampp\htdocs\ci4\system\Database\BaseBuilder.php(2309): CodeIgniter\Database\BaseConnection->query('INSERT INTO `st...', Array, false)
#4 C:\xampp\htdocs\ci4\system\Model.php(330): CodeIgniter\Database\BaseBuilder->insert()
#5 C:\xampp\htdocs\ci4\system\BaseModel.php(782): CodeIgniter\Model->doInsert(Array)
#6 C:\xampp\htdocs\ci4\system\Model.php(730): CodeIgniter\BaseModel->insert(Array, true)
#7 C:\xampp\htdocs\ci4\app\Controllers\StafTataUsaha.php(32): CodeIgniter\Model->insert(Array)
#8 C:\xampp\htdocs\ci4\system\CodeIgniter.php(932): App\Controllers\StafTataUsaha->store()
#9 C:\xampp\htdocs\ci4\system\CodeIgniter.php(497): CodeIgniter\CodeIgniter->runController(Object(App\Controllers\StafTataUsaha))
#10 C:\xampp\htdocs\ci4\system\CodeIgniter.php(366): CodeIgniter\CodeIgniter->handleRequest(NULL, Object(Config\Cache), false)
#11 C:\xampp\htdocs\ci4\public\index.php(67): CodeIgniter\CodeIgniter->run()
#12 C:\xampp\htdocs\ci4\system\Commands\Server\rewrite.php(47): require_once('C:\\xampp\\htdocs...')
#13 {main}
CRITICAL - 2023-06-29 15:40:39 --> Column 'nama' cannot be null
in SYSTEMPATH\Database\MySQLi\Connection.php on line 295.
 1 SYSTEMPATH\Database\MySQLi\Connection.php(295): mysqli->query('INSERT INTO `staftatausaha` (`nama`, `jabatan`, `alamat`) VALUES (NULL, NULL, NULL)', 0)
 2 SYSTEMPATH\Database\BaseConnection.php(692): CodeIgniter\Database\MySQLi\Connection->execute('INSERT INTO `staftatausaha` (`nama`, `jabatan`, `alamat`) VALUES (NULL, NULL, NULL)')
 3 SYSTEMPATH\Database\BaseConnection.php(606): CodeIgniter\Database\BaseConnection->simpleQuery('INSERT INTO `staftatausaha` (`nama`, `jabatan`, `alamat`) VALUES (NULL, NULL, NULL)')
 4 SYSTEMPATH\Database\BaseBuilder.php(2309): CodeIgniter\Database\BaseConnection->query('INSERT INTO `staftatausaha` (`nama`, `jabatan`, `alamat`) VALUES (:nama:, :jabatan:, :alamat:)', [...], false)
 5 SYSTEMPATH\Model.php(330): CodeIgniter\Database\BaseBuilder->insert()
 6 SYSTEMPATH\BaseModel.php(782): CodeIgniter\Model->doInsert([...])
 7 SYSTEMPATH\Model.php(730): CodeIgniter\BaseModel->insert([...], true)
 8 APPPATH\Controllers\StafTataUsaha.php(32): CodeIgniter\Model->insert([...])
 9 SYSTEMPATH\CodeIgniter.php(932): App\Controllers\StafTataUsaha->store()
10 SYSTEMPATH\CodeIgniter.php(497): CodeIgniter\CodeIgniter->runController(Object(App\Controllers\StafTataUsaha))
11 SYSTEMPATH\CodeIgniter.php(366): CodeIgniter\CodeIgniter->handleRequest(null, Object(Config\Cache), false)
12 FCPATH\index.php(67): CodeIgniter\CodeIgniter->run()
13 SYSTEMPATH\Commands\Server\rewrite.php(47): require_once('C:\\xampp\\htdocs\\ci4\\public\\index.php')
ERROR - 2023-06-29 10:16:28 --> Error connecting to the database: mysqli_sql_exception: Unknown database 'db_akademik' in C:\xampp\htdocs\siakad-smantika\ci4\system\Database\MySQLi\Connection.php:174
Stack trace:
#0 C:\xampp\htdocs\siakad-smantika\ci4\system\Database\MySQLi\Connection.php(174): mysqli->real_connect('localhost', 'root', '', 'db_akademik', 3306, '', 0)
#1 C:\xampp\htdocs\siakad-smantika\ci4\system\Database\BaseConnection.php(391): CodeIgniter\Database\MySQLi\Connection->connect(false)
#2 C:\xampp\htdocs\siakad-smantika\ci4\system\Database\BaseConnection.php(574): CodeIgniter\Database\BaseConnection->initialize()
#3 C:\xampp\htdocs\siakad-smantika\ci4\system\Database\BaseBuilder.php(1616): CodeIgniter\Database\BaseConnection->query('SELECT *\nFROM `...', Array, false)
#4 C:\xampp\htdocs\siakad-smantika\ci4\system\Model.php(241): CodeIgniter\Database\BaseBuilder->get()
#5 C:\xampp\htdocs\siakad-smantika\ci4\system\BaseModel.php(618): CodeIgniter\Model->doFindAll(0, 0)
#6 C:\xampp\htdocs\siakad-smantika\ci4\app\Controllers\Siswa.php(13): CodeIgniter\BaseModel->findAll()
#7 C:\xampp\htdocs\siakad-smantika\ci4\system\CodeIgniter.php(932): App\Controllers\Siswa->index()
#8 C:\xampp\htdocs\siakad-smantika\ci4\system\CodeIgniter.php(497): CodeIgniter\CodeIgniter->runController(Object(App\Controllers\Siswa))
#9 C:\xampp\htdocs\siakad-smantika\ci4\system\CodeIgniter.php(366): CodeIgniter\CodeIgniter->handleRequest(NULL, Object(Config\Cache), false)
#10 C:\xampp\htdocs\siakad-smantika\ci4\public\index.php(67): CodeIgniter\CodeIgniter->run()
#11 C:\xampp\htdocs\siakad-smantika\ci4\system\Commands\Server\rewrite.php(47): require_once('C:\\xampp\\htdocs...')
#12 {main}

Next CodeIgniter\Database\Exceptions\DatabaseException: Unknown database 'db_akademik' in C:\xampp\htdocs\siakad-smantika\ci4\system\Database\MySQLi\Connection.php:218
Stack trace:
#0 C:\xampp\htdocs\siakad-smantika\ci4\system\Database\BaseConnection.php(391): CodeIgniter\Database\MySQLi\Connection->connect(false)
#1 C:\xampp\htdocs\siakad-smantika\ci4\system\Database\BaseConnection.php(574): CodeIgniter\Database\BaseConnection->initialize()
#2 C:\xampp\htdocs\siakad-smantika\ci4\system\Database\BaseBuilder.php(1616): CodeIgniter\Database\BaseConnection->query('SELECT *\nFROM `...', Array, false)
#3 C:\xampp\htdocs\siakad-smantika\ci4\system\Model.php(241): CodeIgniter\Database\BaseBuilder->get()
#4 C:\xampp\htdocs\siakad-smantika\ci4\system\BaseModel.php(618): CodeIgniter\Model->doFindAll(0, 0)
#5 C:\xampp\htdocs\siakad-smantika\ci4\app\Controllers\Siswa.php(13): CodeIgniter\BaseModel->findAll()
#6 C:\xampp\htdocs\siakad-smantika\ci4\system\CodeIgniter.php(932): App\Controllers\Siswa->index()
#7 C:\xampp\htdocs\siakad-smantika\ci4\system\CodeIgniter.php(497): CodeIgniter\CodeIgniter->runController(Object(App\Controllers\Siswa))
#8 C:\xampp\htdocs\siakad-smantika\ci4\system\CodeIgniter.php(366): CodeIgniter\CodeIgniter->handleRequest(NULL, Object(Config\Cache), false)
#9 C:\xampp\htdocs\siakad-smantika\ci4\public\index.php(67): CodeIgniter\CodeIgniter->run()
#10 C:\xampp\htdocs\siakad-smantika\ci4\system\Commands\Server\rewrite.php(47): require_once('C:\\xampp\\htdocs...')
#11 {main}
CRITICAL - 2023-06-29 10:16:28 --> Unable to connect to the database.
Main connection [MySQLi]: Unknown database 'db_akademik'
in SYSTEMPATH\Database\BaseConnection.php on line 427.
 1 SYSTEMPATH\Database\BaseConnection.php(574): CodeIgniter\Database\BaseConnection->initialize()
 2 SYSTEMPATH\Database\BaseBuilder.php(1616): CodeIgniter\Database\BaseConnection->query('SELECT *
FROM `siswa`', [], false)
 3 SYSTEMPATH\Model.php(241): CodeIgniter\Database\BaseBuilder->get()
 4 SYSTEMPATH\BaseModel.php(618): CodeIgniter\Model->doFindAll(0, 0)
 5 APPPATH\Controllers\Siswa.php(13): CodeIgniter\BaseModel->findAll()
 6 SYSTEMPATH\CodeIgniter.php(932): App\Controllers\Siswa->index()
 7 SYSTEMPATH\CodeIgniter.php(497): CodeIgniter\CodeIgniter->runController(Object(App\Controllers\Siswa))
 8 SYSTEMPATH\CodeIgniter.php(366): CodeIgniter\CodeIgniter->handleRequest(null, Object(Config\Cache), false)
 9 FCPATH\index.php(67): CodeIgniter\CodeIgniter->run()
10 SYSTEMPATH\Commands\Server\rewrite.php(47): require_once('C:\\xampp\\htdocs\\siakad-smantika\\ci4\\public\\index.php')
ERROR - 2023-06-29 10:16:34 --> Error connecting to the database: mysqli_sql_exception: Unknown database 'db_akademik' in C:\xampp\htdocs\siakad-smantika\ci4\system\Database\MySQLi\Connection.php:174
Stack trace:
#0 C:\xampp\htdocs\siakad-smantika\ci4\system\Database\MySQLi\Connection.php(174): mysqli->real_connect('localhost', 'root', '', 'db_akademik', 3306, '', 0)
#1 C:\xampp\htdocs\siakad-smantika\ci4\system\Database\BaseConnection.php(391): CodeIgniter\Database\MySQLi\Connection->connect(false)
#2 C:\xampp\htdocs\siakad-smantika\ci4\system\Database\BaseConnection.php(574): CodeIgniter\Database\BaseConnection->initialize()
#3 C:\xampp\htdocs\siakad-smantika\ci4\system\Database\BaseBuilder.php(1616): CodeIgniter\Database\BaseConnection->query('SELECT *\nFROM `...', Array, false)
#4 C:\xampp\htdocs\siakad-smantika\ci4\system\Model.php(241): CodeIgniter\Database\BaseBuilder->get()
#5 C:\xampp\htdocs\siakad-smantika\ci4\system\BaseModel.php(618): CodeIgniter\Model->doFindAll(0, 0)
#6 C:\xampp\htdocs\siakad-smantika\ci4\app\Controllers\Siswa.php(13): CodeIgniter\BaseModel->findAll()
#7 C:\xampp\htdocs\siakad-smantika\ci4\system\CodeIgniter.php(932): App\Controllers\Siswa->index()
#8 C:\xampp\htdocs\siakad-smantika\ci4\system\CodeIgniter.php(497): CodeIgniter\CodeIgniter->runController(Object(App\Controllers\Siswa))
#9 C:\xampp\htdocs\siakad-smantika\ci4\system\CodeIgniter.php(366): CodeIgniter\CodeIgniter->handleRequest(NULL, Object(Config\Cache), false)
#10 C:\xampp\htdocs\siakad-smantika\ci4\public\index.php(67): CodeIgniter\CodeIgniter->run()
#11 C:\xampp\htdocs\siakad-smantika\ci4\system\Commands\Server\rewrite.php(47): require_once('C:\\xampp\\htdocs...')
#12 {main}

Next CodeIgniter\Database\Exceptions\DatabaseException: Unknown database 'db_akademik' in C:\xampp\htdocs\siakad-smantika\ci4\system\Database\MySQLi\Connection.php:218
Stack trace:
#0 C:\xampp\htdocs\siakad-smantika\ci4\system\Database\BaseConnection.php(391): CodeIgniter\Database\MySQLi\Connection->connect(false)
#1 C:\xampp\htdocs\siakad-smantika\ci4\system\Database\BaseConnection.php(574): CodeIgniter\Database\BaseConnection->initialize()
#2 C:\xampp\htdocs\siakad-smantika\ci4\system\Database\BaseBuilder.php(1616): CodeIgniter\Database\BaseConnection->query('SELECT *\nFROM `...', Array, false)
#3 C:\xampp\htdocs\siakad-smantika\ci4\system\Model.php(241): CodeIgniter\Database\BaseBuilder->get()
#4 C:\xampp\htdocs\siakad-smantika\ci4\system\BaseModel.php(618): CodeIgniter\Model->doFindAll(0, 0)
#5 C:\xampp\htdocs\siakad-smantika\ci4\app\Controllers\Siswa.php(13): CodeIgniter\BaseModel->findAll()
#6 C:\xampp\htdocs\siakad-smantika\ci4\system\CodeIgniter.php(932): App\Controllers\Siswa->index()
#7 C:\xampp\htdocs\siakad-smantika\ci4\system\CodeIgniter.php(497): CodeIgniter\CodeIgniter->runController(Object(App\Controllers\Siswa))
#8 C:\xampp\htdocs\siakad-smantika\ci4\system\CodeIgniter.php(366): CodeIgniter\CodeIgniter->handleRequest(NULL, Object(Config\Cache), false)
#9 C:\xampp\htdocs\siakad-smantika\ci4\public\index.php(67): CodeIgniter\CodeIgniter->run()
#10 C:\xampp\htdocs\siakad-smantika\ci4\system\Commands\Server\rewrite.php(47): require_once('C:\\xampp\\htdocs...')
#11 {main}
CRITICAL - 2023-06-29 10:16:34 --> Unable to connect to the database.
Main connection [MySQLi]: Unknown database 'db_akademik'
in SYSTEMPATH\Database\BaseConnection.php on line 427.
 1 SYSTEMPATH\Database\BaseConnection.php(574): CodeIgniter\Database\BaseConnection->initialize()
 2 SYSTEMPATH\Database\BaseBuilder.php(1616): CodeIgniter\Database\BaseConnection->query('SELECT *
FROM `siswa`', [], false)
 3 SYSTEMPATH\Model.php(241): CodeIgniter\Database\BaseBuilder->get()
 4 SYSTEMPATH\BaseModel.php(618): CodeIgniter\Model->doFindAll(0, 0)
 5 APPPATH\Controllers\Siswa.php(13): CodeIgniter\BaseModel->findAll()
 6 SYSTEMPATH\CodeIgniter.php(932): App\Controllers\Siswa->index()
 7 SYSTEMPATH\CodeIgniter.php(497): CodeIgniter\CodeIgniter->runController(Object(App\Controllers\Siswa))
 8 SYSTEMPATH\CodeIgniter.php(366): CodeIgniter\CodeIgniter->handleRequest(null, Object(Config\Cache), false)
 9 FCPATH\index.php(67): CodeIgniter\CodeIgniter->run()
10 SYSTEMPATH\Commands\Server\rewrite.php(47): require_once('C:\\xampp\\htdocs\\siakad-smantika\\ci4\\public\\index.php')
ERROR - 2023-06-29 10:17:28 --> Error connecting to the database: mysqli_sql_exception: Unknown database 'db_akademik' in C:\xampp\htdocs\siakad-smantika\ci4\system\Database\MySQLi\Connection.php:174
Stack trace:
#0 C:\xampp\htdocs\siakad-smantika\ci4\system\Database\MySQLi\Connection.php(174): mysqli->real_connect('localhost', 'root', '', 'db_akademik', 3306, '', 0)
#1 C:\xampp\htdocs\siakad-smantika\ci4\system\Database\BaseConnection.php(391): CodeIgniter\Database\MySQLi\Connection->connect(false)
#2 C:\xampp\htdocs\siakad-smantika\ci4\system\Database\BaseConnection.php(574): CodeIgniter\Database\BaseConnection->initialize()
#3 C:\xampp\htdocs\siakad-smantika\ci4\system\Database\BaseBuilder.php(1616): CodeIgniter\Database\BaseConnection->query('SELECT *\nFROM `...', Array, false)
#4 C:\xampp\htdocs\siakad-smantika\ci4\system\Model.php(241): CodeIgniter\Database\BaseBuilder->get()
#5 C:\xampp\htdocs\siakad-smantika\ci4\system\BaseModel.php(618): CodeIgniter\Model->doFindAll(0, 0)
#6 C:\xampp\htdocs\siakad-smantika\ci4\app\Controllers\Siswa.php(13): CodeIgniter\BaseModel->findAll()
#7 C:\xampp\htdocs\siakad-smantika\ci4\system\CodeIgniter.php(932): App\Controllers\Siswa->index()
#8 C:\xampp\htdocs\siakad-smantika\ci4\system\CodeIgniter.php(497): CodeIgniter\CodeIgniter->runController(Object(App\Controllers\Siswa))
#9 C:\xampp\htdocs\siakad-smantika\ci4\system\CodeIgniter.php(366): CodeIgniter\CodeIgniter->handleRequest(NULL, Object(Config\Cache), false)
#10 C:\xampp\htdocs\siakad-smantika\ci4\public\index.php(67): CodeIgniter\CodeIgniter->run()
#11 C:\xampp\htdocs\siakad-smantika\ci4\system\Commands\Server\rewrite.php(47): require_once('C:\\xampp\\htdocs...')
#12 {main}

Next CodeIgniter\Database\Exceptions\DatabaseException: Unknown database 'db_akademik' in C:\xampp\htdocs\siakad-smantika\ci4\system\Database\MySQLi\Connection.php:218
Stack trace:
#0 C:\xampp\htdocs\siakad-smantika\ci4\system\Database\BaseConnection.php(391): CodeIgniter\Database\MySQLi\Connection->connect(false)
#1 C:\xampp\htdocs\siakad-smantika\ci4\system\Database\BaseConnection.php(574): CodeIgniter\Database\BaseConnection->initialize()
#2 C:\xampp\htdocs\siakad-smantika\ci4\system\Database\BaseBuilder.php(1616): CodeIgniter\Database\BaseConnection->query('SELECT *\nFROM `...', Array, false)
#3 C:\xampp\htdocs\siakad-smantika\ci4\system\Model.php(241): CodeIgniter\Database\BaseBuilder->get()
#4 C:\xampp\htdocs\siakad-smantika\ci4\system\BaseModel.php(618): CodeIgniter\Model->doFindAll(0, 0)
#5 C:\xampp\htdocs\siakad-smantika\ci4\app\Controllers\Siswa.php(13): CodeIgniter\BaseModel->findAll()
#6 C:\xampp\htdocs\siakad-smantika\ci4\system\CodeIgniter.php(932): App\Controllers\Siswa->index()
#7 C:\xampp\htdocs\siakad-smantika\ci4\system\CodeIgniter.php(497): CodeIgniter\CodeIgniter->runController(Object(App\Controllers\Siswa))
#8 C:\xampp\htdocs\siakad-smantika\ci4\system\CodeIgniter.php(366): CodeIgniter\CodeIgniter->handleRequest(NULL, Object(Config\Cache), false)
#9 C:\xampp\htdocs\siakad-smantika\ci4\public\index.php(67): CodeIgniter\CodeIgniter->run()
#10 C:\xampp\htdocs\siakad-smantika\ci4\system\Commands\Server\rewrite.php(47): require_once('C:\\xampp\\htdocs...')
#11 {main}
CRITICAL - 2023-06-29 10:17:28 --> Unable to connect to the database.
Main connection [MySQLi]: Unknown database 'db_akademik'
in SYSTEMPATH\Database\BaseConnection.php on line 427.
 1 SYSTEMPATH\Database\BaseConnection.php(574): CodeIgniter\Database\BaseConnection->initialize()
 2 SYSTEMPATH\Database\BaseBuilder.php(1616): CodeIgniter\Database\BaseConnection->query('SELECT *
FROM `siswa`', [], false)
 3 SYSTEMPATH\Model.php(241): CodeIgniter\Database\BaseBuilder->get()
 4 SYSTEMPATH\BaseModel.php(618): CodeIgniter\Model->doFindAll(0, 0)
 5 APPPATH\Controllers\Siswa.php(13): CodeIgniter\BaseModel->findAll()
 6 SYSTEMPATH\CodeIgniter.php(932): App\Controllers\Siswa->index()
 7 SYSTEMPATH\CodeIgniter.php(497): CodeIgniter\CodeIgniter->runController(Object(App\Controllers\Siswa))
 8 SYSTEMPATH\CodeIgniter.php(366): CodeIgniter\CodeIgniter->handleRequest(null, Object(Config\Cache), false)
 9 FCPATH\index.php(67): CodeIgniter\CodeIgniter->run()
10 SYSTEMPATH\Commands\Server\rewrite.php(47): require_once('C:\\xampp\\htdocs\\siakad-smantika\\ci4\\public\\index.php')
ERROR - 2023-06-29 10:18:11 --> Error connecting to the database: mysqli_sql_exception: Unknown database 'db_akademik' in C:\xampp\htdocs\siakad-smantika\ci4\system\Database\MySQLi\Connection.php:174
Stack trace:
#0 C:\xampp\htdocs\siakad-smantika\ci4\system\Database\MySQLi\Connection.php(174): mysqli->real_connect('localhost', 'root', '', 'db_akademik', 3306, '', 0)
#1 C:\xampp\htdocs\siakad-smantika\ci4\system\Database\BaseConnection.php(391): CodeIgniter\Database\MySQLi\Connection->connect(false)
#2 C:\xampp\htdocs\siakad-smantika\ci4\system\Database\BaseConnection.php(574): CodeIgniter\Database\BaseConnection->initialize()
#3 C:\xampp\htdocs\siakad-smantika\ci4\system\Database\BaseBuilder.php(1616): CodeIgniter\Database\BaseConnection->query('SELECT *\nFROM `...', Array, false)
#4 C:\xampp\htdocs\siakad-smantika\ci4\system\Model.php(241): CodeIgniter\Database\BaseBuilder->get()
#5 C:\xampp\htdocs\siakad-smantika\ci4\system\BaseModel.php(618): CodeIgniter\Model->doFindAll(0, 0)
#6 C:\xampp\htdocs\siakad-smantika\ci4\app\Controllers\Siswa.php(13): CodeIgniter\BaseModel->findAll()
#7 C:\xampp\htdocs\siakad-smantika\ci4\system\CodeIgniter.php(932): App\Controllers\Siswa->index()
#8 C:\xampp\htdocs\siakad-smantika\ci4\system\CodeIgniter.php(497): CodeIgniter\CodeIgniter->runController(Object(App\Controllers\Siswa))
#9 C:\xampp\htdocs\siakad-smantika\ci4\system\CodeIgniter.php(366): CodeIgniter\CodeIgniter->handleRequest(NULL, Object(Config\Cache), false)
#10 C:\xampp\htdocs\siakad-smantika\ci4\public\index.php(67): CodeIgniter\CodeIgniter->run()
#11 C:\xampp\htdocs\siakad-smantika\ci4\system\Commands\Server\rewrite.php(47): require_once('C:\\xampp\\htdocs...')
#12 {main}

Next CodeIgniter\Database\Exceptions\DatabaseException: Unknown database 'db_akademik' in C:\xampp\htdocs\siakad-smantika\ci4\system\Database\MySQLi\Connection.php:218
Stack trace:
#0 C:\xampp\htdocs\siakad-smantika\ci4\system\Database\BaseConnection.php(391): CodeIgniter\Database\MySQLi\Connection->connect(false)
#1 C:\xampp\htdocs\siakad-smantika\ci4\system\Database\BaseConnection.php(574): CodeIgniter\Database\BaseConnection->initialize()
#2 C:\xampp\htdocs\siakad-smantika\ci4\system\Database\BaseBuilder.php(1616): CodeIgniter\Database\BaseConnection->query('SELECT *\nFROM `...', Array, false)
#3 C:\xampp\htdocs\siakad-smantika\ci4\system\Model.php(241): CodeIgniter\Database\BaseBuilder->get()
#4 C:\xampp\htdocs\siakad-smantika\ci4\system\BaseModel.php(618): CodeIgniter\Model->doFindAll(0, 0)
#5 C:\xampp\htdocs\siakad-smantika\ci4\app\Controllers\Siswa.php(13): CodeIgniter\BaseModel->findAll()
#6 C:\xampp\htdocs\siakad-smantika\ci4\system\CodeIgniter.php(932): App\Controllers\Siswa->index()
#7 C:\xampp\htdocs\siakad-smantika\ci4\system\CodeIgniter.php(497): CodeIgniter\CodeIgniter->runController(Object(App\Controllers\Siswa))
#8 C:\xampp\htdocs\siakad-smantika\ci4\system\CodeIgniter.php(366): CodeIgniter\CodeIgniter->handleRequest(NULL, Object(Config\Cache), false)
#9 C:\xampp\htdocs\siakad-smantika\ci4\public\index.php(67): CodeIgniter\CodeIgniter->run()
#10 C:\xampp\htdocs\siakad-smantika\ci4\system\Commands\Server\rewrite.php(47): require_once('C:\\xampp\\htdocs...')
#11 {main}
CRITICAL - 2023-06-29 10:18:11 --> Unable to connect to the database.
Main connection [MySQLi]: Unknown database 'db_akademik'
in SYSTEMPATH\Database\BaseConnection.php on line 427.
 1 SYSTEMPATH\Database\BaseConnection.php(574): CodeIgniter\Database\BaseConnection->initialize()
 2 SYSTEMPATH\Database\BaseBuilder.php(1616): CodeIgniter\Database\BaseConnection->query('SELECT *
FROM `siswa`', [], false)
 3 SYSTEMPATH\Model.php(241): CodeIgniter\Database\BaseBuilder->get()
 4 SYSTEMPATH\BaseModel.php(618): CodeIgniter\Model->doFindAll(0, 0)
 5 APPPATH\Controllers\Siswa.php(13): CodeIgniter\BaseModel->findAll()
 6 SYSTEMPATH\CodeIgniter.php(932): App\Controllers\Siswa->index()
 7 SYSTEMPATH\CodeIgniter.php(497): CodeIgniter\CodeIgniter->runController(Object(App\Controllers\Siswa))
 8 SYSTEMPATH\CodeIgniter.php(366): CodeIgniter\CodeIgniter->handleRequest(null, Object(Config\Cache), false)
 9 FCPATH\index.php(67): CodeIgniter\CodeIgniter->run()
10 SYSTEMPATH\Commands\Server\rewrite.php(47): require_once('C:\\xampp\\htdocs\\siakad-smantika\\ci4\\public\\index.php')
ERROR - 2023-06-29 10:18:12 --> Error connecting to the database: mysqli_sql_exception: Unknown database 'db_akademik' in C:\xampp\htdocs\siakad-smantika\ci4\system\Database\MySQLi\Connection.php:174
Stack trace:
#0 C:\xampp\htdocs\siakad-smantika\ci4\system\Database\MySQLi\Connection.php(174): mysqli->real_connect('localhost', 'root', '', 'db_akademik', 3306, '', 0)
#1 C:\xampp\htdocs\siakad-smantika\ci4\system\Database\BaseConnection.php(391): CodeIgniter\Database\MySQLi\Connection->connect(false)
#2 C:\xampp\htdocs\siakad-smantika\ci4\system\Database\BaseConnection.php(574): CodeIgniter\Database\BaseConnection->initialize()
#3 C:\xampp\htdocs\siakad-smantika\ci4\system\Database\BaseBuilder.php(1616): CodeIgniter\Database\BaseConnection->query('SELECT *\nFROM `...', Array, false)
#4 C:\xampp\htdocs\siakad-smantika\ci4\system\Model.php(241): CodeIgniter\Database\BaseBuilder->get()
#5 C:\xampp\htdocs\siakad-smantika\ci4\system\BaseModel.php(618): CodeIgniter\Model->doFindAll(0, 0)
#6 C:\xampp\htdocs\siakad-smantika\ci4\app\Controllers\Siswa.php(13): CodeIgniter\BaseModel->findAll()
#7 C:\xampp\htdocs\siakad-smantika\ci4\system\CodeIgniter.php(932): App\Controllers\Siswa->index()
#8 C:\xampp\htdocs\siakad-smantika\ci4\system\CodeIgniter.php(497): CodeIgniter\CodeIgniter->runController(Object(App\Controllers\Siswa))
#9 C:\xampp\htdocs\siakad-smantika\ci4\system\CodeIgniter.php(366): CodeIgniter\CodeIgniter->handleRequest(NULL, Object(Config\Cache), false)
#10 C:\xampp\htdocs\siakad-smantika\ci4\public\index.php(67): CodeIgniter\CodeIgniter->run()
#11 C:\xampp\htdocs\siakad-smantika\ci4\system\Commands\Server\rewrite.php(47): require_once('C:\\xampp\\htdocs...')
#12 {main}

Next CodeIgniter\Database\Exceptions\DatabaseException: Unknown database 'db_akademik' in C:\xampp\htdocs\siakad-smantika\ci4\system\Database\MySQLi\Connection.php:218
Stack trace:
#0 C:\xampp\htdocs\siakad-smantika\ci4\system\Database\BaseConnection.php(391): CodeIgniter\Database\MySQLi\Connection->connect(false)
#1 C:\xampp\htdocs\siakad-smantika\ci4\system\Database\BaseConnection.php(574): CodeIgniter\Database\BaseConnection->initialize()
#2 C:\xampp\htdocs\siakad-smantika\ci4\system\Database\BaseBuilder.php(1616): CodeIgniter\Database\BaseConnection->query('SELECT *\nFROM `...', Array, false)
#3 C:\xampp\htdocs\siakad-smantika\ci4\system\Model.php(241): CodeIgniter\Database\BaseBuilder->get()
#4 C:\xampp\htdocs\siakad-smantika\ci4\system\BaseModel.php(618): CodeIgniter\Model->doFindAll(0, 0)
#5 C:\xampp\htdocs\siakad-smantika\ci4\app\Controllers\Siswa.php(13): CodeIgniter\BaseModel->findAll()
#6 C:\xampp\htdocs\siakad-smantika\ci4\system\CodeIgniter.php(932): App\Controllers\Siswa->index()
#7 C:\xampp\htdocs\siakad-smantika\ci4\system\CodeIgniter.php(497): CodeIgniter\CodeIgniter->runController(Object(App\Controllers\Siswa))
#8 C:\xampp\htdocs\siakad-smantika\ci4\system\CodeIgniter.php(366): CodeIgniter\CodeIgniter->handleRequest(NULL, Object(Config\Cache), false)
#9 C:\xampp\htdocs\siakad-smantika\ci4\public\index.php(67): CodeIgniter\CodeIgniter->run()
#10 C:\xampp\htdocs\siakad-smantika\ci4\system\Commands\Server\rewrite.php(47): require_once('C:\\xampp\\htdocs...')
#11 {main}
CRITICAL - 2023-06-29 10:18:12 --> Unable to connect to the database.
Main connection [MySQLi]: Unknown database 'db_akademik'
in SYSTEMPATH\Database\BaseConnection.php on line 427.
 1 SYSTEMPATH\Database\BaseConnection.php(574): CodeIgniter\Database\BaseConnection->initialize()
 2 SYSTEMPATH\Database\BaseBuilder.php(1616): CodeIgniter\Database\BaseConnection->query('SELECT *
FROM `siswa`', [], false)
 3 SYSTEMPATH\Model.php(241): CodeIgniter\Database\BaseBuilder->get()
 4 SYSTEMPATH\BaseModel.php(618): CodeIgniter\Model->doFindAll(0, 0)
 5 APPPATH\Controllers\Siswa.php(13): CodeIgniter\BaseModel->findAll()
 6 SYSTEMPATH\CodeIgniter.php(932): App\Controllers\Siswa->index()
 7 SYSTEMPATH\CodeIgniter.php(497): CodeIgniter\CodeIgniter->runController(Object(App\Controllers\Siswa))
 8 SYSTEMPATH\CodeIgniter.php(366): CodeIgniter\CodeIgniter->handleRequest(null, Object(Config\Cache), false)
 9 FCPATH\index.php(67): CodeIgniter\CodeIgniter->run()
10 SYSTEMPATH\Commands\Server\rewrite.php(47): require_once('C:\\xampp\\htdocs\\siakad-smantika\\ci4\\public\\index.php')
ERROR - 2023-06-29 10:18:13 --> Error connecting to the database: mysqli_sql_exception: Unknown database 'db_akademik' in C:\xampp\htdocs\siakad-smantika\ci4\system\Database\MySQLi\Connection.php:174
Stack trace:
#0 C:\xampp\htdocs\siakad-smantika\ci4\system\Database\MySQLi\Connection.php(174): mysqli->real_connect('localhost', 'root', '', 'db_akademik', 3306, '', 0)
#1 C:\xampp\htdocs\siakad-smantika\ci4\system\Database\BaseConnection.php(391): CodeIgniter\Database\MySQLi\Connection->connect(false)
#2 C:\xampp\htdocs\siakad-smantika\ci4\system\Database\BaseConnection.php(574): CodeIgniter\Database\BaseConnection->initialize()
#3 C:\xampp\htdocs\siakad-smantika\ci4\system\Database\BaseBuilder.php(1616): CodeIgniter\Database\BaseConnection->query('SELECT *\nFROM `...', Array, false)
#4 C:\xampp\htdocs\siakad-smantika\ci4\system\Model.php(241): CodeIgniter\Database\BaseBuilder->get()
#5 C:\xampp\htdocs\siakad-smantika\ci4\system\BaseModel.php(618): CodeIgniter\Model->doFindAll(0, 0)
#6 C:\xampp\htdocs\siakad-smantika\ci4\app\Controllers\Siswa.php(13): CodeIgniter\BaseModel->findAll()
#7 C:\xampp\htdocs\siakad-smantika\ci4\system\CodeIgniter.php(932): App\Controllers\Siswa->index()
#8 C:\xampp\htdocs\siakad-smantika\ci4\system\CodeIgniter.php(497): CodeIgniter\CodeIgniter->runController(Object(App\Controllers\Siswa))
#9 C:\xampp\htdocs\siakad-smantika\ci4\system\CodeIgniter.php(366): CodeIgniter\CodeIgniter->handleRequest(NULL, Object(Config\Cache), false)
#10 C:\xampp\htdocs\siakad-smantika\ci4\public\index.php(67): CodeIgniter\CodeIgniter->run()
#11 C:\xampp\htdocs\siakad-smantika\ci4\system\Commands\Server\rewrite.php(47): require_once('C:\\xampp\\htdocs...')
#12 {main}

Next CodeIgniter\Database\Exceptions\DatabaseException: Unknown database 'db_akademik' in C:\xampp\htdocs\siakad-smantika\ci4\system\Database\MySQLi\Connection.php:218
Stack trace:
#0 C:\xampp\htdocs\siakad-smantika\ci4\system\Database\BaseConnection.php(391): CodeIgniter\Database\MySQLi\Connection->connect(false)
#1 C:\xampp\htdocs\siakad-smantika\ci4\system\Database\BaseConnection.php(574): CodeIgniter\Database\BaseConnection->initialize()
#2 C:\xampp\htdocs\siakad-smantika\ci4\system\Database\BaseBuilder.php(1616): CodeIgniter\Database\BaseConnection->query('SELECT *\nFROM `...', Array, false)
#3 C:\xampp\htdocs\siakad-smantika\ci4\system\Model.php(241): CodeIgniter\Database\BaseBuilder->get()
#4 C:\xampp\htdocs\siakad-smantika\ci4\system\BaseModel.php(618): CodeIgniter\Model->doFindAll(0, 0)
#5 C:\xampp\htdocs\siakad-smantika\ci4\app\Controllers\Siswa.php(13): CodeIgniter\BaseModel->findAll()
#6 C:\xampp\htdocs\siakad-smantika\ci4\system\CodeIgniter.php(932): App\Controllers\Siswa->index()
#7 C:\xampp\htdocs\siakad-smantika\ci4\system\CodeIgniter.php(497): CodeIgniter\CodeIgniter->runController(Object(App\Controllers\Siswa))
#8 C:\xampp\htdocs\siakad-smantika\ci4\system\CodeIgniter.php(366): CodeIgniter\CodeIgniter->handleRequest(NULL, Object(Config\Cache), false)
#9 C:\xampp\htdocs\siakad-smantika\ci4\public\index.php(67): CodeIgniter\CodeIgniter->run()
#10 C:\xampp\htdocs\siakad-smantika\ci4\system\Commands\Server\rewrite.php(47): require_once('C:\\xampp\\htdocs...')
#11 {main}
CRITICAL - 2023-06-29 10:18:13 --> Unable to connect to the database.
Main connection [MySQLi]: Unknown database 'db_akademik'
in SYSTEMPATH\Database\BaseConnection.php on line 427.
 1 SYSTEMPATH\Database\BaseConnection.php(574): CodeIgniter\Database\BaseConnection->initialize()
 2 SYSTEMPATH\Database\BaseBuilder.php(1616): CodeIgniter\Database\BaseConnection->query('SELECT *
FROM `siswa`', [], false)
 3 SYSTEMPATH\Model.php(241): CodeIgniter\Database\BaseBuilder->get()
 4 SYSTEMPATH\BaseModel.php(618): CodeIgniter\Model->doFindAll(0, 0)
 5 APPPATH\Controllers\Siswa.php(13): CodeIgniter\BaseModel->findAll()
 6 SYSTEMPATH\CodeIgniter.php(932): App\Controllers\Siswa->index()
 7 SYSTEMPATH\CodeIgniter.php(497): CodeIgniter\CodeIgniter->runController(Object(App\Controllers\Siswa))
 8 SYSTEMPATH\CodeIgniter.php(366): CodeIgniter\CodeIgniter->handleRequest(null, Object(Config\Cache), false)
 9 FCPATH\index.php(67): CodeIgniter\CodeIgniter->run()
10 SYSTEMPATH\Commands\Server\rewrite.php(47): require_once('C:\\xampp\\htdocs\\siakad-smantika\\ci4\\public\\index.php')
ERROR - 2023-06-29 10:19:24 --> Error connecting to the database: mysqli_sql_exception: Unknown database 'db_akademik' in C:\xampp\htdocs\siakad-smantika\ci4\system\Database\MySQLi\Connection.php:174
Stack trace:
#0 C:\xampp\htdocs\siakad-smantika\ci4\system\Database\MySQLi\Connection.php(174): mysqli->real_connect('localhost', 'root', '', 'db_akademik', 3306, '', 0)
#1 C:\xampp\htdocs\siakad-smantika\ci4\system\Database\BaseConnection.php(391): CodeIgniter\Database\MySQLi\Connection->connect(false)
#2 C:\xampp\htdocs\siakad-smantika\ci4\system\Database\BaseConnection.php(574): CodeIgniter\Database\BaseConnection->initialize()
#3 C:\xampp\htdocs\siakad-smantika\ci4\system\Database\BaseBuilder.php(1616): CodeIgniter\Database\BaseConnection->query('SELECT *\nFROM `...', Array, false)
#4 C:\xampp\htdocs\siakad-smantika\ci4\system\Model.php(241): CodeIgniter\Database\BaseBuilder->get()
#5 C:\xampp\htdocs\siakad-smantika\ci4\system\BaseModel.php(618): CodeIgniter\Model->doFindAll(0, 0)
#6 C:\xampp\htdocs\siakad-smantika\ci4\app\Controllers\Siswa.php(13): CodeIgniter\BaseModel->findAll()
#7 C:\xampp\htdocs\siakad-smantika\ci4\system\CodeIgniter.php(932): App\Controllers\Siswa->index()
#8 C:\xampp\htdocs\siakad-smantika\ci4\system\CodeIgniter.php(497): CodeIgniter\CodeIgniter->runController(Object(App\Controllers\Siswa))
#9 C:\xampp\htdocs\siakad-smantika\ci4\system\CodeIgniter.php(366): CodeIgniter\CodeIgniter->handleRequest(NULL, Object(Config\Cache), false)
#10 C:\xampp\htdocs\siakad-smantika\ci4\public\index.php(67): CodeIgniter\CodeIgniter->run()
#11 C:\xampp\htdocs\siakad-smantika\ci4\system\Commands\Server\rewrite.php(47): require_once('C:\\xampp\\htdocs...')
#12 {main}

Next CodeIgniter\Database\Exceptions\DatabaseException: Unknown database 'db_akademik' in C:\xampp\htdocs\siakad-smantika\ci4\system\Database\MySQLi\Connection.php:218
Stack trace:
#0 C:\xampp\htdocs\siakad-smantika\ci4\system\Database\BaseConnection.php(391): CodeIgniter\Database\MySQLi\Connection->connect(false)
#1 C:\xampp\htdocs\siakad-smantika\ci4\system\Database\BaseConnection.php(574): CodeIgniter\Database\BaseConnection->initialize()
#2 C:\xampp\htdocs\siakad-smantika\ci4\system\Database\BaseBuilder.php(1616): CodeIgniter\Database\BaseConnection->query('SELECT *\nFROM `...', Array, false)
#3 C:\xampp\htdocs\siakad-smantika\ci4\system\Model.php(241): CodeIgniter\Database\BaseBuilder->get()
#4 C:\xampp\htdocs\siakad-smantika\ci4\system\BaseModel.php(618): CodeIgniter\Model->doFindAll(0, 0)
#5 C:\xampp\htdocs\siakad-smantika\ci4\app\Controllers\Siswa.php(13): CodeIgniter\BaseModel->findAll()
#6 C:\xampp\htdocs\siakad-smantika\ci4\system\CodeIgniter.php(932): App\Controllers\Siswa->index()
#7 C:\xampp\htdocs\siakad-smantika\ci4\system\CodeIgniter.php(497): CodeIgniter\CodeIgniter->runController(Object(App\Controllers\Siswa))
#8 C:\xampp\htdocs\siakad-smantika\ci4\system\CodeIgniter.php(366): CodeIgniter\CodeIgniter->handleRequest(NULL, Object(Config\Cache), false)
#9 C:\xampp\htdocs\siakad-smantika\ci4\public\index.php(67): CodeIgniter\CodeIgniter->run()
#10 C:\xampp\htdocs\siakad-smantika\ci4\system\Commands\Server\rewrite.php(47): require_once('C:\\xampp\\htdocs...')
#11 {main}
CRITICAL - 2023-06-29 10:19:24 --> Unable to connect to the database.
Main connection [MySQLi]: Unknown database 'db_akademik'
in SYSTEMPATH\Database\BaseConnection.php on line 427.
 1 SYSTEMPATH\Database\BaseConnection.php(574): CodeIgniter\Database\BaseConnection->initialize()
 2 SYSTEMPATH\Database\BaseBuilder.php(1616): CodeIgniter\Database\BaseConnection->query('SELECT *
FROM `siswa`', [], false)
 3 SYSTEMPATH\Model.php(241): CodeIgniter\Database\BaseBuilder->get()
 4 SYSTEMPATH\BaseModel.php(618): CodeIgniter\Model->doFindAll(0, 0)
 5 APPPATH\Controllers\Siswa.php(13): CodeIgniter\BaseModel->findAll()
 6 SYSTEMPATH\CodeIgniter.php(932): App\Controllers\Siswa->index()
 7 SYSTEMPATH\CodeIgniter.php(497): CodeIgniter\CodeIgniter->runController(Object(App\Controllers\Siswa))
 8 SYSTEMPATH\CodeIgniter.php(366): CodeIgniter\CodeIgniter->handleRequest(null, Object(Config\Cache), false)
 9 FCPATH\index.php(67): CodeIgniter\CodeIgniter->run()
10 SYSTEMPATH\Commands\Server\rewrite.php(47): require_once('C:\\xampp\\htdocs\\siakad-smantika\\ci4\\public\\index.php')
ERROR - 2023-06-29 10:20:43 --> mysqli_sql_exception: Table 'akademiknih.staftatausaha' doesn't exist in C:\xampp\htdocs\siakad-smantika\ci4\system\Database\MySQLi\Connection.php:295
Stack trace:
#0 C:\xampp\htdocs\siakad-smantika\ci4\system\Database\MySQLi\Connection.php(295): mysqli->query('SELECT *\nFROM `...', 0)
#1 C:\xampp\htdocs\siakad-smantika\ci4\system\Database\BaseConnection.php(692): CodeIgniter\Database\MySQLi\Connection->execute('SELECT *\nFROM `...')
#2 C:\xampp\htdocs\siakad-smantika\ci4\system\Database\BaseConnection.php(606): CodeIgniter\Database\BaseConnection->simpleQuery('SELECT *\nFROM `...')
#3 C:\xampp\htdocs\siakad-smantika\ci4\system\Database\BaseBuilder.php(1616): CodeIgniter\Database\BaseConnection->query('SELECT *\nFROM `...', Array, false)
#4 C:\xampp\htdocs\siakad-smantika\ci4\system\Model.php(241): CodeIgniter\Database\BaseBuilder->get()
#5 C:\xampp\htdocs\siakad-smantika\ci4\system\BaseModel.php(618): CodeIgniter\Model->doFindAll(0, 0)
#6 C:\xampp\htdocs\siakad-smantika\ci4\app\Controllers\StafTataUsaha.php(12): CodeIgniter\BaseModel->findAll()
#7 C:\xampp\htdocs\siakad-smantika\ci4\system\CodeIgniter.php(932): App\Controllers\StafTataUsaha->index()
#8 C:\xampp\htdocs\siakad-smantika\ci4\system\CodeIgniter.php(497): CodeIgniter\CodeIgniter->runController(Object(App\Controllers\StafTataUsaha))
#9 C:\xampp\htdocs\siakad-smantika\ci4\system\CodeIgniter.php(366): CodeIgniter\CodeIgniter->handleRequest(NULL, Object(Config\Cache), false)
#10 C:\xampp\htdocs\siakad-smantika\ci4\public\index.php(67): CodeIgniter\CodeIgniter->run()
#11 C:\xampp\htdocs\siakad-smantika\ci4\system\Commands\Server\rewrite.php(47): require_once('C:\\xampp\\htdocs...')
#12 {main}
CRITICAL - 2023-06-29 10:20:43 --> Table 'akademiknih.staftatausaha' doesn't exist
in SYSTEMPATH\Database\MySQLi\Connection.php on line 295.
 1 SYSTEMPATH\Database\MySQLi\Connection.php(295): mysqli->query('SELECT *
FROM `staftatausaha`', 0)
 2 SYSTEMPATH\Database\BaseConnection.php(692): CodeIgniter\Database\MySQLi\Connection->execute('SELECT *
FROM `staftatausaha`')
 3 SYSTEMPATH\Database\BaseConnection.php(606): CodeIgniter\Database\BaseConnection->simpleQuery('SELECT *
FROM `staftatausaha`')
 4 SYSTEMPATH\Database\BaseBuilder.php(1616): CodeIgniter\Database\BaseConnection->query('SELECT *
FROM `staftatausaha`', [], false)
 5 SYSTEMPATH\Model.php(241): CodeIgniter\Database\BaseBuilder->get()
 6 SYSTEMPATH\BaseModel.php(618): CodeIgniter\Model->doFindAll(0, 0)
 7 APPPATH\Controllers\StafTataUsaha.php(12): CodeIgniter\BaseModel->findAll()
 8 SYSTEMPATH\CodeIgniter.php(932): App\Controllers\StafTataUsaha->index()
 9 SYSTEMPATH\CodeIgniter.php(497): CodeIgniter\CodeIgniter->runController(Object(App\Controllers\StafTataUsaha))
10 SYSTEMPATH\CodeIgniter.php(366): CodeIgniter\CodeIgniter->handleRequest(null, Object(Config\Cache), false)
11 FCPATH\index.php(67): CodeIgniter\CodeIgniter->run()
12 SYSTEMPATH\Commands\Server\rewrite.php(47): require_once('C:\\xampp\\htdocs\\siakad-smantika\\ci4\\public\\index.php')
ERROR - 2023-06-29 10:20:45 --> mysqli_sql_exception: Table 'akademiknih.staftatausaha' doesn't exist in C:\xampp\htdocs\siakad-smantika\ci4\system\Database\MySQLi\Connection.php:295
Stack trace:
#0 C:\xampp\htdocs\siakad-smantika\ci4\system\Database\MySQLi\Connection.php(295): mysqli->query('SELECT *\nFROM `...', 0)
#1 C:\xampp\htdocs\siakad-smantika\ci4\system\Database\BaseConnection.php(692): CodeIgniter\Database\MySQLi\Connection->execute('SELECT *\nFROM `...')
#2 C:\xampp\htdocs\siakad-smantika\ci4\system\Database\BaseConnection.php(606): CodeIgniter\Database\BaseConnection->simpleQuery('SELECT *\nFROM `...')
#3 C:\xampp\htdocs\siakad-smantika\ci4\system\Database\BaseBuilder.php(1616): CodeIgniter\Database\BaseConnection->query('SELECT *\nFROM `...', Array, false)
#4 C:\xampp\htdocs\siakad-smantika\ci4\system\Model.php(241): CodeIgniter\Database\BaseBuilder->get()
#5 C:\xampp\htdocs\siakad-smantika\ci4\system\BaseModel.php(618): CodeIgniter\Model->doFindAll(0, 0)
#6 C:\xampp\htdocs\siakad-smantika\ci4\app\Controllers\StafTataUsaha.php(12): CodeIgniter\BaseModel->findAll()
#7 C:\xampp\htdocs\siakad-smantika\ci4\system\CodeIgniter.php(932): App\Controllers\StafTataUsaha->index()
#8 C:\xampp\htdocs\siakad-smantika\ci4\system\CodeIgniter.php(497): CodeIgniter\CodeIgniter->runController(Object(App\Controllers\StafTataUsaha))
#9 C:\xampp\htdocs\siakad-smantika\ci4\system\CodeIgniter.php(366): CodeIgniter\CodeIgniter->handleRequest(NULL, Object(Config\Cache), false)
#10 C:\xampp\htdocs\siakad-smantika\ci4\public\index.php(67): CodeIgniter\CodeIgniter->run()
#11 C:\xampp\htdocs\siakad-smantika\ci4\system\Commands\Server\rewrite.php(47): require_once('C:\\xampp\\htdocs...')
#12 {main}
CRITICAL - 2023-06-29 10:20:45 --> Table 'akademiknih.staftatausaha' doesn't exist
in SYSTEMPATH\Database\MySQLi\Connection.php on line 295.
 1 SYSTEMPATH\Database\MySQLi\Connection.php(295): mysqli->query('SELECT *
FROM `staftatausaha`', 0)
 2 SYSTEMPATH\Database\BaseConnection.php(692): CodeIgniter\Database\MySQLi\Connection->execute('SELECT *
FROM `staftatausaha`')
 3 SYSTEMPATH\Database\BaseConnection.php(606): CodeIgniter\Database\BaseConnection->simpleQuery('SELECT *
FROM `staftatausaha`')
 4 SYSTEMPATH\Database\BaseBuilder.php(1616): CodeIgniter\Database\BaseConnection->query('SELECT *
FROM `staftatausaha`', [], false)
 5 SYSTEMPATH\Model.php(241): CodeIgniter\Database\BaseBuilder->get()
 6 SYSTEMPATH\BaseModel.php(618): CodeIgniter\Model->doFindAll(0, 0)
 7 APPPATH\Controllers\StafTataUsaha.php(12): CodeIgniter\BaseModel->findAll()
 8 SYSTEMPATH\CodeIgniter.php(932): App\Controllers\StafTataUsaha->index()
 9 SYSTEMPATH\CodeIgniter.php(497): CodeIgniter\CodeIgniter->runController(Object(App\Controllers\StafTataUsaha))
10 SYSTEMPATH\CodeIgniter.php(366): CodeIgniter\CodeIgniter->handleRequest(null, Object(Config\Cache), false)
11 FCPATH\index.php(67): CodeIgniter\CodeIgniter->run()
12 SYSTEMPATH\Commands\Server\rewrite.php(47): require_once('C:\\xampp\\htdocs\\siakad-smantika\\ci4\\public\\index.php')
ERROR - 2023-06-29 10:20:49 --> mysqli_sql_exception: Table 'akademiknih.staftatausaha' doesn't exist in C:\xampp\htdocs\siakad-smantika\ci4\system\Database\MySQLi\Connection.php:295
Stack trace:
#0 C:\xampp\htdocs\siakad-smantika\ci4\system\Database\MySQLi\Connection.php(295): mysqli->query('SELECT *\nFROM `...', 0)
#1 C:\xampp\htdocs\siakad-smantika\ci4\system\Database\BaseConnection.php(692): CodeIgniter\Database\MySQLi\Connection->execute('SELECT *\nFROM `...')
#2 C:\xampp\htdocs\siakad-smantika\ci4\system\Database\BaseConnection.php(606): CodeIgniter\Database\BaseConnection->simpleQuery('SELECT *\nFROM `...')
#3 C:\xampp\htdocs\siakad-smantika\ci4\system\Database\BaseBuilder.php(1616): CodeIgniter\Database\BaseConnection->query('SELECT *\nFROM `...', Array, false)
#4 C:\xampp\htdocs\siakad-smantika\ci4\system\Model.php(241): CodeIgniter\Database\BaseBuilder->get()
#5 C:\xampp\htdocs\siakad-smantika\ci4\system\BaseModel.php(618): CodeIgniter\Model->doFindAll(0, 0)
#6 C:\xampp\htdocs\siakad-smantika\ci4\app\Controllers\StafTataUsaha.php(12): CodeIgniter\BaseModel->findAll()
#7 C:\xampp\htdocs\siakad-smantika\ci4\system\CodeIgniter.php(932): App\Controllers\StafTataUsaha->index()
#8 C:\xampp\htdocs\siakad-smantika\ci4\system\CodeIgniter.php(497): CodeIgniter\CodeIgniter->runController(Object(App\Controllers\StafTataUsaha))
#9 C:\xampp\htdocs\siakad-smantika\ci4\system\CodeIgniter.php(366): CodeIgniter\CodeIgniter->handleRequest(NULL, Object(Config\Cache), false)
#10 C:\xampp\htdocs\siakad-smantika\ci4\public\index.php(67): CodeIgniter\CodeIgniter->run()
#11 C:\xampp\htdocs\siakad-smantika\ci4\system\Commands\Server\rewrite.php(47): require_once('C:\\xampp\\htdocs...')
#12 {main}
CRITICAL - 2023-06-29 10:20:49 --> Table 'akademiknih.staftatausaha' doesn't exist
in SYSTEMPATH\Database\MySQLi\Connection.php on line 295.
 1 SYSTEMPATH\Database\MySQLi\Connection.php(295): mysqli->query('SELECT *
FROM `staftatausaha`', 0)
 2 SYSTEMPATH\Database\BaseConnection.php(692): CodeIgniter\Database\MySQLi\Connection->execute('SELECT *
FROM `staftatausaha`')
 3 SYSTEMPATH\Database\BaseConnection.php(606): CodeIgniter\Database\BaseConnection->simpleQuery('SELECT *
FROM `staftatausaha`')
 4 SYSTEMPATH\Database\BaseBuilder.php(1616): CodeIgniter\Database\BaseConnection->query('SELECT *
FROM `staftatausaha`', [], false)
 5 SYSTEMPATH\Model.php(241): CodeIgniter\Database\BaseBuilder->get()
 6 SYSTEMPATH\BaseModel.php(618): CodeIgniter\Model->doFindAll(0, 0)
 7 APPPATH\Controllers\StafTataUsaha.php(12): CodeIgniter\BaseModel->findAll()
 8 SYSTEMPATH\CodeIgniter.php(932): App\Controllers\StafTataUsaha->index()
 9 SYSTEMPATH\CodeIgniter.php(497): CodeIgniter\CodeIgniter->runController(Object(App\Controllers\StafTataUsaha))
10 SYSTEMPATH\CodeIgniter.php(366): CodeIgniter\CodeIgniter->handleRequest(null, Object(Config\Cache), false)
11 FCPATH\index.php(67): CodeIgniter\CodeIgniter->run()
12 SYSTEMPATH\Commands\Server\rewrite.php(47): require_once('C:\\xampp\\htdocs\\siakad-smantika\\ci4\\public\\index.php')
ERROR - 2023-06-29 10:21:36 --> mysqli_sql_exception: Table 'akademiknih.staftatausaha' doesn't exist in C:\xampp\htdocs\siakad-smantika\ci4\system\Database\MySQLi\Connection.php:295
Stack trace:
#0 C:\xampp\htdocs\siakad-smantika\ci4\system\Database\MySQLi\Connection.php(295): mysqli->query('SELECT *\nFROM `...', 0)
#1 C:\xampp\htdocs\siakad-smantika\ci4\system\Database\BaseConnection.php(692): CodeIgniter\Database\MySQLi\Connection->execute('SELECT *\nFROM `...')
#2 C:\xampp\htdocs\siakad-smantika\ci4\system\Database\BaseConnection.php(606): CodeIgniter\Database\BaseConnection->simpleQuery('SELECT *\nFROM `...')
#3 C:\xampp\htdocs\siakad-smantika\ci4\system\Database\BaseBuilder.php(1616): CodeIgniter\Database\BaseConnection->query('SELECT *\nFROM `...', Array, false)
#4 C:\xampp\htdocs\siakad-smantika\ci4\system\Model.php(241): CodeIgniter\Database\BaseBuilder->get()
#5 C:\xampp\htdocs\siakad-smantika\ci4\system\BaseModel.php(618): CodeIgniter\Model->doFindAll(0, 0)
#6 C:\xampp\htdocs\siakad-smantika\ci4\app\Controllers\StafTataUsaha.php(12): CodeIgniter\BaseModel->findAll()
#7 C:\xampp\htdocs\siakad-smantika\ci4\system\CodeIgniter.php(932): App\Controllers\StafTataUsaha->index()
#8 C:\xampp\htdocs\siakad-smantika\ci4\system\CodeIgniter.php(497): CodeIgniter\CodeIgniter->runController(Object(App\Controllers\StafTataUsaha))
#9 C:\xampp\htdocs\siakad-smantika\ci4\system\CodeIgniter.php(366): CodeIgniter\CodeIgniter->handleRequest(NULL, Object(Config\Cache), false)
#10 C:\xampp\htdocs\siakad-smantika\ci4\public\index.php(67): CodeIgniter\CodeIgniter->run()
#11 C:\xampp\htdocs\siakad-smantika\ci4\system\Commands\Server\rewrite.php(47): require_once('C:\\xampp\\htdocs...')
#12 {main}
CRITICAL - 2023-06-29 10:21:36 --> Table 'akademiknih.staftatausaha' doesn't exist
in SYSTEMPATH\Database\MySQLi\Connection.php on line 295.
 1 SYSTEMPATH\Database\MySQLi\Connection.php(295): mysqli->query('SELECT *
FROM `staftatausaha`', 0)
 2 SYSTEMPATH\Database\BaseConnection.php(692): CodeIgniter\Database\MySQLi\Connection->execute('SELECT *
FROM `staftatausaha`')
 3 SYSTEMPATH\Database\BaseConnection.php(606): CodeIgniter\Database\BaseConnection->simpleQuery('SELECT *
FROM `staftatausaha`')
 4 SYSTEMPATH\Database\BaseBuilder.php(1616): CodeIgniter\Database\BaseConnection->query('SELECT *
FROM `staftatausaha`', [], false)
 5 SYSTEMPATH\Model.php(241): CodeIgniter\Database\BaseBuilder->get()
 6 SYSTEMPATH\BaseModel.php(618): CodeIgniter\Model->doFindAll(0, 0)
 7 APPPATH\Controllers\StafTataUsaha.php(12): CodeIgniter\BaseModel->findAll()
 8 SYSTEMPATH\CodeIgniter.php(932): App\Controllers\StafTataUsaha->index()
 9 SYSTEMPATH\CodeIgniter.php(497): CodeIgniter\CodeIgniter->runController(Object(App\Controllers\StafTataUsaha))
10 SYSTEMPATH\CodeIgniter.php(366): CodeIgniter\CodeIgniter->handleRequest(null, Object(Config\Cache), false)
11 FCPATH\index.php(67): CodeIgniter\CodeIgniter->run()
12 SYSTEMPATH\Commands\Server\rewrite.php(47): require_once('C:\\xampp\\htdocs\\siakad-smantika\\ci4\\public\\index.php')
ERROR - 2023-06-29 10:22:31 --> mysqli_sql_exception: Table 'akademiknih.staftatausaha' doesn't exist in C:\xampp\htdocs\siakad-smantika\ci4\system\Database\MySQLi\Connection.php:295
Stack trace:
#0 C:\xampp\htdocs\siakad-smantika\ci4\system\Database\MySQLi\Connection.php(295): mysqli->query('SELECT *\nFROM `...', 0)
#1 C:\xampp\htdocs\siakad-smantika\ci4\system\Database\BaseConnection.php(692): CodeIgniter\Database\MySQLi\Connection->execute('SELECT *\nFROM `...')
#2 C:\xampp\htdocs\siakad-smantika\ci4\system\Database\BaseConnection.php(606): CodeIgniter\Database\BaseConnection->simpleQuery('SELECT *\nFROM `...')
#3 C:\xampp\htdocs\siakad-smantika\ci4\system\Database\BaseBuilder.php(1616): CodeIgniter\Database\BaseConnection->query('SELECT *\nFROM `...', Array, false)
#4 C:\xampp\htdocs\siakad-smantika\ci4\system\Model.php(241): CodeIgniter\Database\BaseBuilder->get()
#5 C:\xampp\htdocs\siakad-smantika\ci4\system\BaseModel.php(618): CodeIgniter\Model->doFindAll(0, 0)
#6 C:\xampp\htdocs\siakad-smantika\ci4\app\Controllers\StafTataUsaha.php(12): CodeIgniter\BaseModel->findAll()
#7 C:\xampp\htdocs\siakad-smantika\ci4\system\CodeIgniter.php(932): App\Controllers\StafTataUsaha->index()
#8 C:\xampp\htdocs\siakad-smantika\ci4\system\CodeIgniter.php(497): CodeIgniter\CodeIgniter->runController(Object(App\Controllers\StafTataUsaha))
#9 C:\xampp\htdocs\siakad-smantika\ci4\system\CodeIgniter.php(366): CodeIgniter\CodeIgniter->handleRequest(NULL, Object(Config\Cache), false)
#10 C:\xampp\htdocs\siakad-smantika\ci4\public\index.php(67): CodeIgniter\CodeIgniter->run()
#11 C:\xampp\htdocs\siakad-smantika\ci4\system\Commands\Server\rewrite.php(47): require_once('C:\\xampp\\htdocs...')
#12 {main}
CRITICAL - 2023-06-29 10:22:31 --> Table 'akademiknih.staftatausaha' doesn't exist
in SYSTEMPATH\Database\MySQLi\Connection.php on line 295.
 1 SYSTEMPATH\Database\MySQLi\Connection.php(295): mysqli->query('SELECT *
FROM `staftatausaha`', 0)
 2 SYSTEMPATH\Database\BaseConnection.php(692): CodeIgniter\Database\MySQLi\Connection->execute('SELECT *
FROM `staftatausaha`')
 3 SYSTEMPATH\Database\BaseConnection.php(606): CodeIgniter\Database\BaseConnection->simpleQuery('SELECT *
FROM `staftatausaha`')
 4 SYSTEMPATH\Database\BaseBuilder.php(1616): CodeIgniter\Database\BaseConnection->query('SELECT *
FROM `staftatausaha`', [], false)
 5 SYSTEMPATH\Model.php(241): CodeIgniter\Database\BaseBuilder->get()
 6 SYSTEMPATH\BaseModel.php(618): CodeIgniter\Model->doFindAll(0, 0)
 7 APPPATH\Controllers\StafTataUsaha.php(12): CodeIgniter\BaseModel->findAll()
 8 SYSTEMPATH\CodeIgniter.php(932): App\Controllers\StafTataUsaha->index()
 9 SYSTEMPATH\CodeIgniter.php(497): CodeIgniter\CodeIgniter->runController(Object(App\Controllers\StafTataUsaha))
10 SYSTEMPATH\CodeIgniter.php(366): CodeIgniter\CodeIgniter->handleRequest(null, Object(Config\Cache), false)
11 FCPATH\index.php(67): CodeIgniter\CodeIgniter->run()
12 SYSTEMPATH\Commands\Server\rewrite.php(47): require_once('C:\\xampp\\htdocs\\siakad-smantika\\ci4\\public\\index.php')
